=== COMENZAR LA IMPORTACIÓN 2019-10-06 10:18:45 ===
datos de MailPoet borrados
MailPoet 2 datos encontrados:
2 listas de suscriptores
280 suscriptores
1 formulario

Importando segmentos...
2 segmentos importados
Importando campos personalizados...
0 campos personalizados importados
Importando suscriptores...
280 suscriptores importados
Importando formularios...
1  formulario importado
Ajustes importados
IMPORTACIÓN COMPLETADA
=== FINALIZAR IMPORTACIÓN 2019-10-06 10:18:47 ===
=== COMENZAR LA IMPORTACIÓN 2019-10-06 10:18:56 ===
Importando segmentos...
0 segmentos importados
Importando campos personalizados...
0 campos personalizados importados
Importando suscriptores...
0 suscriptores importados
Importando formularios...
0 formularios importados
Ajustes importados
IMPORTACIÓN COMPLETADA
=== FINALIZAR IMPORTACIÓN 2019-10-06 10:18:56 ===
=== COMENZAR LA IMPORTACIÓN 2019-10-06 10:19:33 ===
Importando segmentos...
0 segmentos importados
Importando campos personalizados...
0 campos personalizados importados
Importando suscriptores...
0 suscriptores importados
Importando formularios...
0 formularios importados
Ajustes importados
IMPORTACIÓN COMPLETADA
=== FINALIZAR IMPORTACIÓN 2019-10-06 10:19:33 ===
